<?xml version="1.0" encoding="utf-8"?><testsuites name="pytest tests"><testsuite name="pytest" errors="0" failures="2" skipped="0" tests="12" time="0.622" timestamp="2026-02-03T07:49:40.276181+00:00" hostname="agent-env-9aedfb07-dfc8-454e-8953-053df0c9da10"><testcase classname="backend.tests.test_strava_integration.TestStravaEndpoints" name="test_strava_status_not_connected" time="0.101" /><testcase classname="backend.tests.test_strava_integration.TestStravaEndpoints" name="test_strava_authorize_returns_503_without_credentials" time="0.038"><failure message="assert 520 == 503&#10; +  where 520 = &lt;Response [520]&gt;.status_code">backend/tests/test_strava_integration.py:30: in test_strava_authorize_returns_503_without_credentials
    assert response.status_code == 503
E   assert 520 == 503
E    +  where 520 = &lt;Response [520]&gt;.status_code</failure></testcase><testcase classname="backend.tests.test_strava_integration.TestStravaEndpoints" name="test_strava_sync_not_connected" time="0.035" /><testcase classname="backend.tests.test_strava_integration.TestStravaEndpoints" name="test_strava_disconnect_success" time="0.035" /><testcase classname="backend.tests.test_strava_integration.TestGarminDormantEndpoints" name="test_garmin_status_endpoint_exists" time="0.034" /><testcase classname="backend.tests.test_strava_integration.TestGarminDormantEndpoints" name="test_garmin_authorize_endpoint_exists" time="0.034"><failure message="assert 520 == 503&#10; +  where 520 = &lt;Response [520]&gt;.status_code">backend/tests/test_strava_integration.py:74: in test_garmin_authorize_endpoint_exists
    assert response.status_code == 503
E   assert 520 == 503
E    +  where 520 = &lt;Response [520]&gt;.status_code</failure></testcase><testcase classname="backend.tests.test_strava_integration.TestGarminDormantEndpoints" name="test_garmin_sync_endpoint_exists" time="0.035" /><testcase classname="backend.tests.test_strava_integration.TestGarminDormantEndpoints" name="test_garmin_disconnect_endpoint_exists" time="0.037" /><testcase classname="backend.tests.test_strava_integration.TestExistingFunctionality" name="test_api_root" time="0.034" /><testcase classname="backend.tests.test_strava_integration.TestExistingFunctionality" name="test_get_workouts" time="0.038" /><testcase classname="backend.tests.test_strava_integration.TestExistingFunctionality" name="test_get_stats" time="0.033" /><testcase classname="backend.tests.test_strava_integration.TestExistingFunctionality" name="test_coach_history" time="0.039" /></testsuite></testsuites>