<?xml version="1.0" encoding="utf-8"?><testsuites name="pytest tests"><testsuite name="pytest" errors="0" failures="1" skipped="0" tests="18" time="91.556" timestamp="2026-02-05T07:56:22.341558+00:00" hostname="agent-env-9aedfb07-dfc8-454e-8953-053df0c9da10"><testcase classname="backend.tests.test_detailed_analysis.TestDetailedAnalysisEndpoint" name="test_endpoint_returns_200" time="5.632" /><testcase classname="backend.tests.test_detailed_analysis.TestDetailedAnalysisEndpoint" name="test_response_structure_has_all_required_fields" time="5.525" /><testcase classname="backend.tests.test_detailed_analysis.TestDetailedAnalysisEndpoint" name="test_header_has_context_and_session_name" time="4.898" /><testcase classname="backend.tests.test_detailed_analysis.TestDetailedAnalysisEndpoint" name="test_header_context_is_one_sentence_max" time="6.377" /><testcase classname="backend.tests.test_detailed_analysis.TestDetailedAnalysisEndpoint" name="test_execution_card_has_intensity_volume_regularity" time="4.944" /><testcase classname="backend.tests.test_detailed_analysis.TestDetailedAnalysisEndpoint" name="test_execution_intensity_valid_values_en" time="4.176" /><testcase classname="backend.tests.test_detailed_analysis.TestDetailedAnalysisEndpoint" name="test_execution_volume_valid_values_en" time="7.380" /><testcase classname="backend.tests.test_detailed_analysis.TestDetailedAnalysisEndpoint" name="test_execution_regularity_valid_values_en" time="5.195" /><testcase classname="backend.tests.test_detailed_analysis.TestDetailedAnalysisEndpoint" name="test_meaning_text_is_2_3_sentences" time="5.259" /><testcase classname="backend.tests.test_detailed_analysis.TestDetailedAnalysisEndpoint" name="test_recovery_text_is_one_key_message" time="5.578" /><testcase classname="backend.tests.test_detailed_analysis.TestDetailedAnalysisEndpoint" name="test_advice_text_is_one_recommendation" time="4.660" /><testcase classname="backend.tests.test_detailed_analysis.TestDetailedAnalysisEndpoint" name="test_advanced_section_exists" time="4.818" /><testcase classname="backend.tests.test_detailed_analysis.TestLanguageEnforcement" name="test_english_response_has_no_french_words" time="4.978"><failure message="AssertionError: English response contains French words: ['stable', 'effort']&#10;assert 2 == 0&#10; +  where 2 = len(['stable', 'effort'])">backend/tests/test_detailed_analysis.py:263: in test_english_response_has_no_french_words
    assert len(found_french) == 0, f"English response contains French words: {found_french}"
E   AssertionError: English response contains French words: ['stable', 'effort']
E   assert 2 == 0
E    +  where 2 = len(['stable', 'effort'])</failure></testcase><testcase classname="backend.tests.test_detailed_analysis.TestLanguageEnforcement" name="test_french_response_has_no_english_words" time="5.055" /><testcase classname="backend.tests.test_detailed_analysis.TestLanguageEnforcement" name="test_french_execution_values" time="5.159" /><testcase classname="backend.tests.test_detailed_analysis.TestWorkoutNotFound" name="test_invalid_workout_returns_404" time="0.063" /><testcase classname="backend.tests.test_detailed_analysis.TestResponseQuality" name="test_response_is_scannable_under_10_seconds" time="6.531" /><testcase classname="backend.tests.test_detailed_analysis.TestResponseQuality" name="test_no_excessive_numbers" time="5.185" /></testsuite></testsuites>